<?xml version="1.0" encoding="UTF-8"?>
<!-- Generated by org.testng.reporters.JUnitReportReporter -->
<testsuite hostname="HAT" failures="0" tests="2" name="TestAutomation" time="10.688" errors="0" timestamp="2024-04-14T17:11:06 CDT" skipped="0">
  <testcase classname="TestAutomation" name="fillForm" time="5.630"/>
  <system-out/>
  <testcase classname="TestAutomation" name="openWebrestaurantStoreWebsite" time="5.058"/>
  <system-out/>
</testsuite> <!-- TestAutomation -->
