<?xml version="1.0" encoding="UTF-8"?>
<!-- Generated by org.testng.reporters.JUnitReportReporter -->
<testsuite hostname="HAT" failures="0" tests="2" name="com.qa.auto.page.Login" time="10.604" errors="0" timestamp="2023-12-05T14:31:50 CST" skipped="0">
  <testcase classname="com.qa.auto.page.Login" name="loginWithValidCredentails" time="5.129"/>
  <system-out/>
  <testcase classname="com.qa.auto.page.Login" name="verifyLoginWithInValidCredentails" time="5.475"/>
  <system-out/>
</testsuite> <!-- com.qa.auto.page.Login -->
