<?xml version="1.0" encoding="UTF-8"?>
<!-- Generated by org.testng.reporters.JUnitReportReporter -->
<testsuite hostname="HAT" failures="0" tests="2" name="com.qa.testcases.TestNgClass" time="0.006" errors="0" timestamp="2024-02-26T14:35:45 CST" skipped="0">
  <testcase classname="com.qa.testcases.TestNgClass" name="methodOne" time="0.005"/>
  <system-out/>
  <testcase classname="com.qa.testcases.TestNgClass" name="methodTwo" time="0.001"/>
  <system-out/>
</testsuite> <!-- com.qa.testcases.TestNgClass -->
