<?xml version="1.0" encoding="UTF-8"?>
<!-- Generated by org.testng.reporters.JUnitReportReporter -->
<testsuite hostname="HAT" failures="0" tests="2" name="com.qa.testcases.ContactsPageTest" time="16.638" errors="0" timestamp="2023-12-14T22:39:42 CST" skipped="0">
  <testcase classname="com.qa.testcases.ContactsPageTest" name="validateContactLabel" time="8.461"/>
  <system-out/>
  <testcase classname="com.qa.testcases.ContactsPageTest" name="createContacts" time="8.177"/>
  <system-out/>
</testsuite> <!-- com.qa.testcases.ContactsPageTest -->
