<?xml version="1.0" encoding="UTF-8"?>
<!-- Generated by org.testng.reporters.JUnitReportReporter -->
<testsuite hostname="HAT" failures="0" tests="2" name="com.qa.auto.core.page.Login" time="10.958" errors="0" timestamp="2023-12-05T11:12:19 CST" skipped="0">
  <testcase classname="com.qa.auto.core.page.Login" name="loginWithValidCredentails" time="5.936"/>
  <system-out/>
  <testcase classname="com.qa.auto.core.page.Login" name="verifyLoginWithInValidCredentails" time="5.022"/>
  <system-out/>
</testsuite> <!-- com.qa.auto.core.page.Login -->
