<?xml version="1.0" encoding="UTF-8"?>
<!-- Generated by org.testng.reporters.JUnitReportReporter -->
<testsuite hostname="HAT" failures="0" tests="2" name="com.qa.testcases.CrmPortalPageTest" time="11.617" errors="0" timestamp="2023-12-14T11:02:35 CST" skipped="0">
  <testcase classname="com.qa.testcases.CrmPortalPageTest" name="validateCrmPotalMainPage" time="4.309"/>
  <system-out/>
  <testcase classname="com.qa.testcases.CrmPortalPageTest" name="navigateToLoginPage" time="7.308"/>
  <system-out/>
</testsuite> <!-- com.qa.testcases.CrmPortalPageTest -->
