<?xml version="1.0" encoding="UTF-8"?>
<!-- Generated by org.testng.reporters.JUnitReportReporter -->
<testsuite hostname="HAT" failures="0" tests="3" name="com.qa.testcases.HomePageTest" time="24.745" errors="0" timestamp="2023-12-14T17:29:30 CST" skipped="0">
  <testcase classname="com.qa.testcases.HomePageTest" name="validateLeftNavigationTest" time="8.401"/>
  <system-out/>
  <testcase classname="com.qa.testcases.HomePageTest" name="userNameTest" time="8.708"/>
  <system-out/>
  <testcase classname="com.qa.testcases.HomePageTest" name="validateHomePageTitle" time="7.636"/>
  <system-out/>
</testsuite> <!-- com.qa.testcases.HomePageTest -->
