<?xml version="1.0" encoding="UTF-8"?>
<!-- Generated by org.testng.reporters.JUnitReportReporter -->
<testsuite hostname="HAT" failures="0" tests="1" name="com.qa.testcases.LoginPageTest" time="4.122" errors="0" timestamp="2024-04-19T20:49:51 CDT" skipped="0">
  <testcase classname="com.qa.testcases.LoginPageTest" name="login" time="4.122"/>
  <system-out/>
</testsuite> <!-- com.qa.testcases.LoginPageTest -->
