<?xml version="1.0" encoding="UTF-8"?>
<!-- Generated by org.testng.reporters.JUnitReportReporter -->
<testsuite hostname="HAT" failures="0" tests="9" name="com.qa.runner.TestNgPriority" time="0.021" errors="0" timestamp="2024-05-02T11:15:25 CDT" skipped="0">
  <testcase classname="com.qa.runner.TestNgPriority" name="testF" time="0.000"/>
  <system-out/>
  <testcase classname="com.qa.runner.TestNgPriority" name="testG" time="0.010"/>
  <system-out/>
  <testcase classname="com.qa.runner.TestNgPriority" name="testReadDataProvider" time="0.007"/>
  <system-out/>
  <testcase classname="com.qa.runner.TestNgPriority" name="testD" time="0.001"/>
  <system-out/>
  <testcase classname="com.qa.runner.TestNgPriority" name="testZ" time="0.000"/>
  <system-out/>
  <testcase classname="com.qa.runner.TestNgPriority" name="testA" time="0.000"/>
  <system-out/>
  <testcase classname="com.qa.runner.TestNgPriority" name="testReadDataProvider" time="0.001"/>
  <system-out/>
  <testcase classname="com.qa.runner.TestNgPriority" name="testB" time="0.001"/>
  <system-out/>
  <testcase classname="com.qa.runner.TestNgPriority" name="testC" time="0.001"/>
  <system-out/>
</testsuite> <!-- com.qa.runner.TestNgPriority -->
