<?xml version="1.0" encoding="UTF-8"?>
<!-- Generated by org.testng.reporters.JUnitReportReporter -->
<testsuite hostname="HAT" failures="0" tests="5" name="com.qa.testcases.testNg.parameter.YahooLoginTest" time="8.808" errors="0" timestamp="2024-02-28T19:11:07 CST" skipped="4">
  <testcase classname="com.qa.testcases.testNg.parameter.YahooLoginTest" name="loginToYahoo" time="5.195">
    <skipped/>
  </testcase> <!-- loginToYahoo -->
  <system-out/>
  <testcase classname="com.qa.testcases.testNg.parameter.YahooLoginTest" name="loginToYahoo" time="3.613"/>
  <system-out/>
  <testcase classname="com.qa.testcases.testNg.parameter.YahooLoginTest" name="testOne">
    <skipped/>
  </testcase> <!-- testOne -->
  <system-out/>
  <testcase classname="com.qa.testcases.testNg.parameter.YahooLoginTest" name="testThree">
    <skipped/>
  </testcase> <!-- testThree -->
  <system-out/>
  <testcase classname="com.qa.testcases.testNg.parameter.YahooLoginTest" name="testTwo">
    <skipped/>
  </testcase> <!-- testTwo -->
  <system-out/>
</testsuite> <!-- com.qa.testcases.testNg.parameter.YahooLoginTest -->
