<?xml version="1.0" encoding="UTF-8"?>
<!-- Generated by org.testng.reporters.JUnitReportReporter -->
<testsuite hostname="HAT" failures="0" tests="1" name="com.qa.auto.page.Registration" time="4.836" errors="0" timestamp="2023-12-05T14:31:50 CST" skipped="0">
  <testcase classname="com.qa.auto.page.Registration" name="verifyRegistrationWithMandatoryField" time="4.836"/>
  <system-out/>
</testsuite> <!-- com.qa.auto.page.Registration -->
