<?xml version="1.0" encoding="UTF-8"?>
<!-- Generated by org.testng.reporters.JUnitReportReporter -->
<testsuite hostname="HAT" failures="0" tests="1" name="com.qa.testcases.testNg.TestNgClass" time="0.005" errors="0" timestamp="2024-02-28T14:30:33 CST" skipped="0">
  <testcase classname="com.qa.testcases.testNg.TestNgClass" name="testc" time="0.005"/>
  <system-out/>
</testsuite> <!-- com.qa.testcases.testNg.TestNgClass -->
