<?xml version="1.0" encoding="UTF-8"?>
<!-- Generated by org.testng.reporters.JUnitReportReporter -->
<testsuite hostname="HAT" failures="0" tests="1" name="com.qa.auto.core.page.Registration" time="5.869" errors="0" timestamp="2023-12-05T13:55:47 CST" skipped="0">
  <testcase classname="com.qa.auto.core.page.Registration" name="verifyRegistrationWithMandatoryField" time="5.869"/>
  <system-out/>
</testsuite> <!-- com.qa.auto.core.page.Registration -->
